<?xml version="1.0" encoding="UTF-8"?>
<testsuite name="Academy Choucair" tests="1" skipped="1" failures="0" errors="0" timestamp="2021-03-18T01:57:45" hostname="DESKTOP-CURJO95" time="0.032">
  <properties/>
  <testcase name="Search for automation course" classname="Academy Choucair" time="0.032">
    <skipped/>
  </testcase>
  <system-out><![CDATA[]]></system-out>
  <system-err><![CDATA[[Test worker] WARN net.thucydides.core.steps.BaseStepListener - stepStarted: net.thucydides.core.steps.ExecutedStepDescription@5a63ce57
[Test worker] INFO net.thucydides.core.steps.ConsoleLoggingListener - TEST PENDING
[Test worker] WARN net.thucydides.core.steps.BaseStepListener - stepStarted: net.thucydides.core.steps.ExecutedStepDescription@5882a788
[Test worker] WARN net.thucydides.core.steps.BaseStepListener - stepStarted: net.thucydides.core.steps.ExecutedStepDescription@6f761173
[Test worker] WARN net.thucydides.core.steps.BaseStepListener - testFinished: Search for automation course:Given that brandon, When he search, Then he finds
[Test worker] WARN net.thucydides.core.steps.BaseStepListener - TestOutcomes: [Search for automation course:Given that brandon, When he search, Then he finds]
[Test worker] WARN net.thucydides.core.steps.BaseStepListener - Final testOutcomes: [Search for automation course:Given that brandon, When he search, Then he finds]
[Test worker] INFO net.thucydides.core.steps.ConsoleLoggingListener - 
          __  _____ _____ ____ _____   ____  _____ _   _ ____ ___ _   _  ____ 
 _       / / |_   _| ____/ ___|_   _| |  _ \| ____| \ | |  _ \_ _| \ | |/ ___|
(_)____ / /    | | |  _| \___ \ | |   | |_) |  _| |  \| | | | | ||  \| | |  _ 
 |_____/ /     | | | |___ ___) || |   |  __/| |___| |\  | |_| | || |\  | |_| |
(_)   /_/      |_| |_____|____/ |_|   |_|   |_____|_| \_|____/___|_| \_|\____|
                                                                                

TEST PENDING: Search for automation course
---------------------------------------------------------------------------------
]]></system-err>
</testsuite>
